<?xml version="1.0" encoding="UTF-8" standalone="yes"?>
<traceability version="1.3">
    <object id="!ed/2917/623E/DF0/594380793291">
        <requirement id="Req_F_MM_10"/>
        <requirement id="Req_F_MM_11"/>
    </object>
    <object id="!ed/2b94/6F08/E3C/5947993f7ed1">
        <requirement id="Req_F_MM_21"/>
    </object>
    <object id="!ed/2b54/6F08/E3C/594798594fe9">
        <requirement id="Req_F_MM_20"/>
        <requirement id="Req_F_MM_23"/>
    </object>
    <object id="!ed/2ba8/589C/1330/594d0c5e2a3d">
        <requirement id="Req_F_MM_22"/>
    </object>
    <object id="!ed/2918/1DFB/1050/58f0c89b60cd">
        <requirement id="Req_F_MM_00"/>
        <requirement id="Req_F_MM_01"/>
    </object>
</traceability>
