-> 07/12/17 09:05:59
Open project C:\Repository\microXAV\trunk\designXAV-sd\System\muXAV_v3\muXAV_v3.rqtf
-> 07/12/17 09:05:59
Error: Document not readable: file 'C:\Repository\microXAV\trunk\designXAV-sd\System\muXAV_v3\requirements.doc'
-> 07/12/17 09:09:50
Open project C:\Repository\microXAV\trunk\designXAV-sd\System\muXAV_v3\muXAV_v3.rqtf
-> 07/12/17 09:22:25
Open project C:\Repository\microXAV\trunk\designXAV-sd\System\muXAV_v3\muXAV_v3.rqtf
-> 07/12/17 10:11:34
Open project C:\Repository\microXAV\trunk\designXAV-sd\System\muXAV_v3\muXAV_v3.rqtf
-> 07/12/17 10:14:10
Open project C:\Repository\microXAV\trunk\designXAV-sd\System\muXAV_v3\muXAV_v3.rqtf
-> 07/12/17 10:15:24
Open project C:\Repository\microXAV\trunk\designXAV-sd\System\muXAV_v3\muXAV_v3.rqtf
-> 07/12/17 11:06:48
Open project C:\Repository\microXAV\trunk\designXAV-sd\System\muXAV_v3\muXAV_v3.rqtf
-> 07/12/17 11:06:57
Internal error : 11345
Entire source files reprocessing
-> 07/12/17 11:17:13
Open project C:\Repository\microXAV\trunk\designXAV-sd\System\muXAV_v3\muXAV_v3.rqtf
-> 07/12/17 11:25:10
Open project C:\Repository\microXAV\trunk\designXAV-sd\System\muXAV_v3\muXAV_v3.rqtf
-> 07/12/17 11:25:11
Error: Document not readable: modification file 'C:\Repository\microXAV\trunk\designXAV-sd\System\muXAV_v3\MMS-SRATS-modif.doc'
-> 07/12/17 11:25:19
Error: Document not readable: file 'C:\Repository\microXAV\trunk\designXAV-sd\System\muXAV_v3\document.etp'
-> 07/12/17 11:25:19
Error: Document not readable: file 'C:\Repository\microXAV\trunk\designXAV-sd\System\muXAV_v3\document.etp'
-> 07/12/17 11:28:11
Open project C:\Repository\microXAV\trunk\designXAV-sd\System\muXAV_v3\muXAV_v3.rqtf
-> 07/12/17 11:28:54
Open project C:\Repository\microXAV\trunk\designXAV-sd\System\muXAV_v3\muXAV_v3.rqtf
-> 07/12/17 11:30:09
Open project C:\Repository\microXAV\trunk\designXAV-sd\System\muXAV_v3\muXAV_v3.rqtf
-> 07/12/17 11:31:04
Open project C:\Repository\microXAV\trunk\designXAV-sd\System\muXAV_v3\muXAV_v3.rqtf
-> 07/12/17 11:31:57
Open project C:\Repository\microXAV\trunk\designXAV-sd\System\muXAV_v3\muXAV_v3.rqtf
-> 07/12/17 11:32:09
Open project C:\Repository\microXAV\trunk\designXAV-sd\System\muXAV_v3\muXAV_v3.rqtf
-> 07/12/17 11:40:16
Open project C:\Repository\microXAV\trunk\designXAV-sd\System\muXAV_v3\muXAV_v3.rqtf
-> 07/12/17 11:41:49
Open project C:\Repository\microXAV\trunk\designXAV-sd\System\muXAV_v3\muXAV_v3.rqtf
-> 07/12/17 11:41:49
Error: Document not readable: file 'C:\Repository\microXAV\trunk\designXAV-sd\System\muXAV_v3\document.doc'
-> 07/12/17 11:42:49
Open project C:\Repository\microXAV\trunk\designXAV-sd\System\muXAV_v3\muXAV_v3.rqtf
-> 07/12/17 11:42:49
Error: Document not readable: modification file 'C:\Repository\microXAV\trunk\designXAV-sd\System\muXAV_v3\MMS-SRATS-modif.doc'
-> 07/12/17 11:48:55
Open project C:\Repository\microXAV\trunk\designXAV-sd\System\muXAV_v3\muXAV_v3.rqtf
-> 07/12/17 11:51:17
Open project C:\Repository\microXAV\trunk\designXAV-sd\System\muXAV_v3\muXAV_v3.rqtf
-> 07/12/17 11:51:35
Error: Document not readable: modification file 'C:\Repository\microXAV\trunk\designXAV-sd\System\muXAV_v3\MMS-SRATS-modif.doc'
-> 07/12/17 11:54:52
Open project C:\Repository\microXAV\trunk\designXAV-sd\System\muXAV_v3\muXAV_v3.rqtf
-> 07/12/17 13:23:33
Open project C:\Repository\microXAV\trunk\designXAV-sd\System\muXAV_v3\muXAV_v3.rqtf
-> 07/12/17 13:27:40
Open project C:\Repository\microXAV\trunk\designXAV-sd\System\muXAV_v3\muXAV_v3.rqtf
-> 07/12/17 13:27:40
Object is not in the collection.
Entire source files reprocessing
-> 07/12/17 13:28:08
Open project C:\Repository\microXAV\trunk\designXAV-sd\System\muXAV_v3\muXAV_v3.rqtf
-> 07/12/17 13:37:30
Open project C:\Repository\microXAV\trunk\designXAV-sd\System\muXAV_v3\muXAV_v3.rqtf
-> 07/12/17 13:43:05
Open project C:\Repository\microXAV\trunk\designXAV-sd\System\muXAV_v3\muXAV_v3.rqtf
-> 07/12/17 14:02:40
Open project C:\Repository\microXAV\trunk\designXAV-sd\System\muXAV_v3\muXAV_v3.rqtf
-> 07/12/17 14:03:23
Open project C:\Repository\microXAV\trunk\designXAV-sd\System\muXAV_v3\muXAV_v3.rqtf
-> 07/12/17 15:08:01
Open project C:\Repository\microXAV\trunk\designXAV-sd\System\muXAV_v3\muXAV_v3.rqtf
-> 07/12/17 15:13:06
Open project C:\Repository\microXAV\trunk\designXAV-sd\System\muXAV_v3\muXAV_v3.rqtf
-> 07/12/17 15:13:43
Open project C:\Repository\microXAV\trunk\designXAV-sd\System\muXAV_v3\muXAV_v3.rqtf
-> 07/12/17 15:14:40
Open project C:\Repository\microXAV\trunk\designXAV-sd\System\muXAV_v3\muXAV_v3.rqtf
-> 07/12/17 15:15:12
Open project C:\Repository\microXAV\trunk\designXAV-sd\System\muXAV_v3\muXAV_v3.rqtf
-> 07/12/17 15:16:19
Open project C:\Repository\microXAV\trunk\designXAV-sd\System\muXAV_v3\muXAV_v3.rqtf
-> 07/12/17 15:17:17
Open project C:\Repository\microXAV\trunk\designXAV-sd\System\muXAV_v3\muXAV_v3.rqtf
-> 07/12/17 15:17:34
Open project C:\Repository\microXAV\trunk\designXAV-sd\System\muXAV_v3\muXAV_v3.rqtf
-> 07/12/17 15:49:50
Open project C:\Repository\microXAV\trunk\designXAV-sd\System\muXAV_v3\muXAV_v3.rqtf
-> 07/12/17 15:53:22
Open project C:\Repository\microXAV\trunk\designXAV-sd\System\muXAV_v3\muXAV_v3.rqtf
-> 07/12/17 16:06:14
Open project C:\Repository\microXAV\trunk\designXAV-sd\System\muXAV_v3\muXAV_v3.rqtf
-> 07/12/17 16:16:17
Open project C:\Repository\microXAV\trunk\designXAV-sd\System\muXAV_v3\muXAV_v3.rqtf
-> 07/12/17 16:17:37
Open project C:\Repository\microXAV\trunk\designXAV-sd\System\muXAV_v3\muXAV_v3.rqtf
-> 07/12/17 16:17:57
Open project C:\Repository\microXAV\trunk\designXAV-sd\System\muXAV_v3\muXAV_v3.rqtf
-> 07/12/17 16:18:28
Open project C:\Repository\microXAV\trunk\designXAV-sd\System\muXAV_v3\muXAV_v3.rqtf
-> 07/12/17 16:18:41
Open project C:\Repository\microXAV\trunk\designXAV-sd\System\muXAV_v3\muXAV_v3.rqtf
-> 08/12/17 17:29:50
Open project C:\Repository\microXAV\trunk\designXAV-sd\System\muXAV_v3\muXAV_v3.rqtf
-> 08/12/17 17:31:23
Open project C:\Repository\microXAV\trunk\designXAV-sd\System\muXAV_v3\muXAV_v3.rqtf
-> 08/12/17 17:34:09
Open project C:\Repository\microXAV\trunk\designXAV-sd\System\muXAV_v3\muXAV_v3.rqtf
